Using Spark's default log4j profile: org/apache/spark/log4j-defaults.properties
19/10/19 18:00:16 INFO SparkContext: Running Spark version 1.5.2
19/10/19 18:00:16 WARN NativeCodeLoader: Unable to load native-hadoop library for your platform... using builtin-java classes where applicable
19/10/19 18:00:17 INFO SecurityManager: Changing view acls to: sxs2267
19/10/19 18:00:17 INFO SecurityManager: Changing modify acls to: sxs2267
19/10/19 18:00:17 INFO SecurityManager: SecurityManager: authentication disabled; ui acls disabled; users with view permissions: Set(sxs2267); users with modify permissions: Set(sxs2267)
19/10/19 18:00:17 INFO Slf4jLogger: Slf4jLogger started
19/10/19 18:00:17 INFO Remoting: Starting remoting
19/10/19 18:00:18 INFO Remoting: Remoting started; listening on addresses :[akka.tcp://sparkDriver@198.202.114.141:46359]
19/10/19 18:00:18 INFO Utils: Successfully started service 'sparkDriver' on port 46359.
19/10/19 18:00:18 INFO SparkEnv: Registering MapOutputTracker
19/10/19 18:00:18 INFO SparkEnv: Registering BlockManagerMaster
19/10/19 18:00:18 INFO DiskBlockManager: Created local directory at /tmp/blockmgr-0e18860f-5b29-4972-98b1-9c181dca5b5d
19/10/19 18:00:18 INFO MemoryStore: MemoryStore started with capacity 530.0 MB
19/10/19 18:00:18 INFO HttpFileServer: HTTP File server directory is /tmp/spark-25e5a20d-eb40-492c-a8f3-2618713a7a0f/httpd-1c225ceb-2576-41e0-96d8-73bf9a7d356b
19/10/19 18:00:18 INFO HttpServer: Starting HTTP Server
19/10/19 18:00:18 INFO Utils: Successfully started service 'HTTP file server' on port 34376.
19/10/19 18:00:18 INFO SparkEnv: Registering OutputCommitCoordinator
19/10/19 18:00:18 INFO Utils: Successfully started service 'SparkUI' on port 4040.
19/10/19 18:00:18 INFO SparkUI: Started SparkUI at http://198.202.114.141:4040
19/10/19 18:00:18 INFO SparkContext: Added JAR file:/home/sxs2267/project4/kmeans.jar at http://198.202.114.141:34376/jars/kmeans.jar with timestamp 1571533218391
19/10/19 18:00:18 WARN MetricsSystem: Using default name DAGScheduler for source because spark.app.id is not set.
19/10/19 18:00:18 INFO Executor: Starting executor ID driver on host localhost
19/10/19 18:00:18 INFO Utils: Successfully started service 'org.apache.spark.network.netty.NettyBlockTransferService' on port 36829.
19/10/19 18:00:18 INFO NettyBlockTransferService: Server created on 36829
19/10/19 18:00:18 INFO BlockManagerMaster: Trying to register BlockManager
19/10/19 18:00:18 INFO BlockManagerMasterEndpoint: Registering block manager localhost:36829 with 530.0 MB RAM, BlockManagerId(driver, localhost, 36829)
19/10/19 18:00:18 INFO BlockManagerMaster: Registered BlockManager
19/10/19 18:00:19 INFO MemoryStore: ensureFreeSpace(120040) called with curMem=0, maxMem=555755765
19/10/19 18:00:19 INFO MemoryStore: Block broadcast_0 stored as values in memory (estimated size 117.2 KB, free 529.9 MB)
19/10/19 18:00:19 INFO MemoryStore: ensureFreeSpace(12673) called with curMem=120040, maxMem=555755765
19/10/19 18:00:19 INFO MemoryStore: Block broadcast_0_piece0 stored as bytes in memory (estimated size 12.4 KB, free 529.9 MB)
19/10/19 18:00:19 INFO BlockManagerInfo: Added broadcast_0_piece0 in memory on localhost:36829 (size: 12.4 KB, free: 530.0 MB)
19/10/19 18:00:19 INFO SparkContext: Created broadcast 0 from textFile at KMeans.scala:14
19/10/19 18:00:19 INFO MemoryStore: ensureFreeSpace(120080) called with curMem=132713, maxMem=555755765
19/10/19 18:00:19 INFO MemoryStore: Block broadcast_1 stored as values in memory (estimated size 117.3 KB, free 529.8 MB)
19/10/19 18:00:19 INFO MemoryStore: ensureFreeSpace(12673) called with curMem=252793, maxMem=555755765
19/10/19 18:00:19 INFO MemoryStore: Block broadcast_1_piece0 stored as bytes in memory (estimated size 12.4 KB, free 529.8 MB)
19/10/19 18:00:19 INFO BlockManagerInfo: Added broadcast_1_piece0 in memory on localhost:36829 (size: 12.4 KB, free: 530.0 MB)
19/10/19 18:00:19 INFO SparkContext: Created broadcast 1 from textFile at KMeans.scala:19
19/10/19 18:00:20 INFO FileInputFormat: Total input paths to process : 1
19/10/19 18:00:20 INFO SparkContext: Starting job: collect at KMeans.scala:25
19/10/19 18:00:20 INFO DAGScheduler: Got job 0 (collect at KMeans.scala:25) with 2 output partitions
19/10/19 18:00:20 INFO DAGScheduler: Final stage: ResultStage 0(collect at KMeans.scala:25)
19/10/19 18:00:20 INFO DAGScheduler: Parents of final stage: List()
19/10/19 18:00:20 INFO DAGScheduler: Missing parents: List()
19/10/19 18:00:20 INFO DAGScheduler: Submitting ResultStage 0 (MapPartitionsRDD[2] at map at KMeans.scala:14), which has no missing parents
19/10/19 18:00:20 INFO MemoryStore: ensureFreeSpace(3224) called with curMem=265466, maxMem=555755765
19/10/19 18:00:20 INFO MemoryStore: Block broadcast_2 stored as values in memory (estimated size 3.1 KB, free 529.8 MB)
19/10/19 18:00:20 INFO MemoryStore: ensureFreeSpace(1857) called with curMem=268690, maxMem=555755765
19/10/19 18:00:20 INFO MemoryStore: Block broadcast_2_piece0 stored as bytes in memory (estimated size 1857.0 B, free 529.8 MB)
19/10/19 18:00:20 INFO BlockManagerInfo: Added broadcast_2_piece0 in memory on localhost:36829 (size: 1857.0 B, free: 530.0 MB)
19/10/19 18:00:20 INFO SparkContext: Created broadcast 2 from broadcast at DAGScheduler.scala:861
19/10/19 18:00:20 INFO DAGScheduler: Submitting 2 missing tasks from ResultStage 0 (MapPartitionsRDD[2] at map at KMeans.scala:14)
19/10/19 18:00:20 INFO TaskSchedulerImpl: Adding task set 0.0 with 2 tasks
19/10/19 18:00:20 INFO TaskSetManager: Starting task 0.0 in stage 0.0 (TID 0, localhost, PROCESS_LOCAL, 2204 bytes)
19/10/19 18:00:20 INFO TaskSetManager: Starting task 1.0 in stage 0.0 (TID 1, localhost, PROCESS_LOCAL, 2204 bytes)
19/10/19 18:00:20 INFO Executor: Running task 0.0 in stage 0.0 (TID 0)
19/10/19 18:00:20 INFO Executor: Fetching http://198.202.114.141:34376/jars/kmeans.jar with timestamp 1571533218391
19/10/19 18:00:20 INFO Executor: Running task 1.0 in stage 0.0 (TID 1)
19/10/19 18:00:20 INFO Utils: Fetching http://198.202.114.141:34376/jars/kmeans.jar to /tmp/spark-25e5a20d-eb40-492c-a8f3-2618713a7a0f/userFiles-aef9fe47-660d-404d-b7c2-620544890e66/fetchFileTemp6067800396652087330.tmp
19/10/19 18:00:20 INFO Executor: Adding file:/tmp/spark-25e5a20d-eb40-492c-a8f3-2618713a7a0f/userFiles-aef9fe47-660d-404d-b7c2-620544890e66/kmeans.jar to class loader
19/10/19 18:00:20 INFO HadoopRDD: Input split: file:/home/sxs2267/project4/centroids.txt:0+450
19/10/19 18:00:20 INFO HadoopRDD: Input split: file:/home/sxs2267/project4/centroids.txt:450+450
19/10/19 18:00:20 INFO deprecation: mapred.tip.id is deprecated. Instead, use mapreduce.task.id
19/10/19 18:00:20 INFO deprecation: mapred.task.id is deprecated. Instead, use mapreduce.task.attempt.id
19/10/19 18:00:20 INFO deprecation: mapred.task.is.map is deprecated. Instead, use mapreduce.task.ismap
19/10/19 18:00:20 INFO deprecation: mapred.task.partition is deprecated. Instead, use mapreduce.task.partition
19/10/19 18:00:20 INFO deprecation: mapred.job.id is deprecated. Instead, use mapreduce.job.id
19/10/19 18:00:20 INFO Executor: Finished task 0.0 in stage 0.0 (TID 0). 3438 bytes result sent to driver
19/10/19 18:00:20 INFO Executor: Finished task 1.0 in stage 0.0 (TID 1). 3294 bytes result sent to driver
19/10/19 18:00:20 INFO TaskSetManager: Finished task 0.0 in stage 0.0 (TID 0) in 187 ms on localhost (1/2)
19/10/19 18:00:20 INFO TaskSetManager: Finished task 1.0 in stage 0.0 (TID 1) in 166 ms on localhost (2/2)
19/10/19 18:00:20 INFO DAGScheduler: ResultStage 0 (collect at KMeans.scala:25) finished in 0.194 s
19/10/19 18:00:20 INFO TaskSchedulerImpl: Removed TaskSet 0.0, whose tasks have all completed, from pool 
19/10/19 18:00:20 INFO DAGScheduler: Job 0 finished: collect at KMeans.scala:25, took 0.290612 s
19/10/19 18:00:20 INFO MemoryStore: ensureFreeSpace(4440) called with curMem=270547, maxMem=555755765
19/10/19 18:00:20 INFO MemoryStore: Block broadcast_3 stored as values in memory (estimated size 4.3 KB, free 529.7 MB)
19/10/19 18:00:20 INFO MemoryStore: ensureFreeSpace(715) called with curMem=274987, maxMem=555755765
19/10/19 18:00:20 INFO MemoryStore: Block broadcast_3_piece0 stored as bytes in memory (estimated size 715.0 B, free 529.7 MB)
19/10/19 18:00:20 INFO BlockManagerInfo: Added broadcast_3_piece0 in memory on localhost:36829 (size: 715.0 B, free: 530.0 MB)
19/10/19 18:00:20 INFO SparkContext: Created broadcast 3 from broadcast at KMeans.scala:26
19/10/19 18:00:20 INFO FileInputFormat: Total input paths to process : 1
19/10/19 18:00:20 INFO SparkContext: Starting job: collect at KMeans.scala:25
19/10/19 18:00:20 INFO DAGScheduler: Registering RDD 6 (map at KMeans.scala:27)
19/10/19 18:00:20 INFO DAGScheduler: Got job 1 (collect at KMeans.scala:25) with 2 output partitions
19/10/19 18:00:20 INFO DAGScheduler: Final stage: ResultStage 2(collect at KMeans.scala:25)
19/10/19 18:00:20 INFO DAGScheduler: Parents of final stage: List(ShuffleMapStage 1)
19/10/19 18:00:20 INFO DAGScheduler: Missing parents: List(ShuffleMapStage 1)
19/10/19 18:00:20 INFO DAGScheduler: Submitting ShuffleMapStage 1 (MapPartitionsRDD[6] at map at KMeans.scala:27), which has no missing parents
19/10/19 18:00:20 INFO MemoryStore: ensureFreeSpace(4792) called with curMem=275702, maxMem=555755765
19/10/19 18:00:20 INFO MemoryStore: Block broadcast_4 stored as values in memory (estimated size 4.7 KB, free 529.7 MB)
19/10/19 18:00:20 INFO MemoryStore: ensureFreeSpace(2551) called with curMem=280494, maxMem=555755765
19/10/19 18:00:20 INFO MemoryStore: Block broadcast_4_piece0 stored as bytes in memory (estimated size 2.5 KB, free 529.7 MB)
19/10/19 18:00:20 INFO BlockManagerInfo: Added broadcast_4_piece0 in memory on localhost:36829 (size: 2.5 KB, free: 530.0 MB)
19/10/19 18:00:20 INFO SparkContext: Created broadcast 4 from broadcast at DAGScheduler.scala:861
19/10/19 18:00:20 INFO DAGScheduler: Submitting 2 missing tasks from ShuffleMapStage 1 (MapPartitionsRDD[6] at map at KMeans.scala:27)
19/10/19 18:00:20 INFO TaskSchedulerImpl: Adding task set 1.0 with 2 tasks
19/10/19 18:00:20 INFO TaskSetManager: Starting task 0.0 in stage 1.0 (TID 2, localhost, PROCESS_LOCAL, 2196 bytes)
19/10/19 18:00:20 INFO TaskSetManager: Starting task 1.0 in stage 1.0 (TID 3, localhost, PROCESS_LOCAL, 2196 bytes)
19/10/19 18:00:20 INFO Executor: Running task 0.0 in stage 1.0 (TID 2)
19/10/19 18:00:20 INFO Executor: Running task 1.0 in stage 1.0 (TID 3)
19/10/19 18:00:20 INFO HadoopRDD: Input split: file:/home/sxs2267/project4/points-small.txt:0+18474
19/10/19 18:00:20 INFO HadoopRDD: Input split: file:/home/sxs2267/project4/points-small.txt:18474+18474
19/10/19 18:00:20 INFO Executor: Finished task 0.0 in stage 1.0 (TID 2). 2254 bytes result sent to driver
19/10/19 18:00:20 INFO Executor: Finished task 1.0 in stage 1.0 (TID 3). 2254 bytes result sent to driver
19/10/19 18:00:20 INFO TaskSetManager: Finished task 0.0 in stage 1.0 (TID 2) in 158 ms on localhost (1/2)
19/10/19 18:00:20 INFO DAGScheduler: ShuffleMapStage 1 (map at KMeans.scala:27) finished in 0.171 s
19/10/19 18:00:20 INFO DAGScheduler: looking for newly runnable stages
19/10/19 18:00:20 INFO DAGScheduler: running: Set()
19/10/19 18:00:20 INFO DAGScheduler: waiting: Set(ResultStage 2)
19/10/19 18:00:20 INFO DAGScheduler: failed: Set()
19/10/19 18:00:20 INFO DAGScheduler: Missing parents for ResultStage 2: List()
19/10/19 18:00:20 INFO DAGScheduler: Submitting ResultStage 2 (MapPartitionsRDD[8] at map at KMeans.scala:28), which is now runnable
19/10/19 18:00:20 INFO MemoryStore: ensureFreeSpace(5432) called with curMem=283045, maxMem=555755765
19/10/19 18:00:20 INFO MemoryStore: Block broadcast_5 stored as values in memory (estimated size 5.3 KB, free 529.7 MB)
19/10/19 18:00:20 INFO MemoryStore: ensureFreeSpace(2786) called with curMem=288477, maxMem=555755765
19/10/19 18:00:20 INFO MemoryStore: Block broadcast_5_piece0 stored as bytes in memory (estimated size 2.7 KB, free 529.7 MB)
19/10/19 18:00:20 INFO BlockManagerInfo: Added broadcast_5_piece0 in memory on localhost:36829 (size: 2.7 KB, free: 530.0 MB)
19/10/19 18:00:20 INFO SparkContext: Created broadcast 5 from broadcast at DAGScheduler.scala:861
19/10/19 18:00:20 INFO DAGScheduler: Submitting 2 missing tasks from ResultStage 2 (MapPartitionsRDD[8] at map at KMeans.scala:28)
19/10/19 18:00:20 INFO TaskSchedulerImpl: Adding task set 2.0 with 2 tasks
19/10/19 18:00:20 INFO TaskSetManager: Finished task 1.0 in stage 1.0 (TID 3) in 174 ms on localhost (2/2)
19/10/19 18:00:20 INFO TaskSchedulerImpl: Removed TaskSet 1.0, whose tasks have all completed, from pool 
19/10/19 18:00:20 INFO TaskSetManager: Starting task 0.0 in stage 2.0 (TID 4, localhost, PROCESS_LOCAL, 1955 bytes)
19/10/19 18:00:20 INFO TaskSetManager: Starting task 1.0 in stage 2.0 (TID 5, localhost, PROCESS_LOCAL, 1955 bytes)
19/10/19 18:00:20 INFO Executor: Running task 0.0 in stage 2.0 (TID 4)
19/10/19 18:00:20 INFO Executor: Running task 1.0 in stage 2.0 (TID 5)
19/10/19 18:00:20 INFO ShuffleBlockFetcherIterator: Getting 2 non-empty blocks out of 2 blocks
19/10/19 18:00:20 INFO ShuffleBlockFetcherIterator: Started 0 remote fetches in 10 ms
19/10/19 18:00:20 INFO ShuffleBlockFetcherIterator: Getting 2 non-empty blocks out of 2 blocks
19/10/19 18:00:20 INFO ShuffleBlockFetcherIterator: Started 0 remote fetches in 14 ms
19/10/19 18:00:20 INFO Executor: Finished task 0.0 in stage 2.0 (TID 4). 2364 bytes result sent to driver
19/10/19 18:00:20 INFO Executor: Finished task 1.0 in stage 2.0 (TID 5). 2607 bytes result sent to driver
19/10/19 18:00:20 INFO TaskSetManager: Finished task 0.0 in stage 2.0 (TID 4) in 205 ms on localhost (1/2)
19/10/19 18:00:20 INFO TaskSetManager: Finished task 1.0 in stage 2.0 (TID 5) in 203 ms on localhost (2/2)
19/10/19 18:00:20 INFO TaskSchedulerImpl: Removed TaskSet 2.0, whose tasks have all completed, from pool 
19/10/19 18:00:20 INFO DAGScheduler: ResultStage 2 (collect at KMeans.scala:25) finished in 0.198 s
19/10/19 18:00:20 INFO DAGScheduler: Job 1 finished: collect at KMeans.scala:25, took 0.420563 s
19/10/19 18:00:20 INFO MemoryStore: ensureFreeSpace(4440) called with curMem=291263, maxMem=555755765
19/10/19 18:00:20 INFO MemoryStore: Block broadcast_6 stored as values in memory (estimated size 4.3 KB, free 529.7 MB)
19/10/19 18:00:20 INFO MemoryStore: ensureFreeSpace(1965) called with curMem=295703, maxMem=555755765
19/10/19 18:00:20 INFO MemoryStore: Block broadcast_6_piece0 stored as bytes in memory (estimated size 1965.0 B, free 529.7 MB)
19/10/19 18:00:20 INFO BlockManagerInfo: Added broadcast_6_piece0 in memory on localhost:36829 (size: 1965.0 B, free: 530.0 MB)
19/10/19 18:00:20 INFO SparkContext: Created broadcast 6 from broadcast at KMeans.scala:26
19/10/19 18:00:20 INFO SparkContext: Starting job: collect at KMeans.scala:25
19/10/19 18:00:20 INFO DAGScheduler: Registering RDD 9 (map at KMeans.scala:27)
19/10/19 18:00:20 INFO DAGScheduler: Got job 2 (collect at KMeans.scala:25) with 2 output partitions
19/10/19 18:00:20 INFO DAGScheduler: Final stage: ResultStage 4(collect at KMeans.scala:25)
19/10/19 18:00:20 INFO DAGScheduler: Parents of final stage: List(ShuffleMapStage 3)
19/10/19 18:00:20 INFO DAGScheduler: Missing parents: List(ShuffleMapStage 3)
19/10/19 18:00:20 INFO DAGScheduler: Submitting ShuffleMapStage 3 (MapPartitionsRDD[9] at map at KMeans.scala:27), which has no missing parents
19/10/19 18:00:20 INFO MemoryStore: ensureFreeSpace(4792) called with curMem=297668, maxMem=555755765
19/10/19 18:00:20 INFO MemoryStore: Block broadcast_7 stored as values in memory (estimated size 4.7 KB, free 529.7 MB)
19/10/19 18:00:20 INFO MemoryStore: ensureFreeSpace(2551) called with curMem=302460, maxMem=555755765
19/10/19 18:00:20 INFO MemoryStore: Block broadcast_7_piece0 stored as bytes in memory (estimated size 2.5 KB, free 529.7 MB)
19/10/19 18:00:20 INFO BlockManagerInfo: Added broadcast_7_piece0 in memory on localhost:36829 (size: 2.5 KB, free: 530.0 MB)
19/10/19 18:00:20 INFO SparkContext: Created broadcast 7 from broadcast at DAGScheduler.scala:861
19/10/19 18:00:20 INFO DAGScheduler: Submitting 2 missing tasks from ShuffleMapStage 3 (MapPartitionsRDD[9] at map at KMeans.scala:27)
19/10/19 18:00:20 INFO TaskSchedulerImpl: Adding task set 3.0 with 2 tasks
19/10/19 18:00:20 INFO TaskSetManager: Starting task 0.0 in stage 3.0 (TID 6, localhost, PROCESS_LOCAL, 2196 bytes)
19/10/19 18:00:20 INFO TaskSetManager: Starting task 1.0 in stage 3.0 (TID 7, localhost, PROCESS_LOCAL, 2196 bytes)
19/10/19 18:00:20 INFO Executor: Running task 0.0 in stage 3.0 (TID 6)
19/10/19 18:00:20 INFO HadoopRDD: Input split: file:/home/sxs2267/project4/points-small.txt:0+18474
19/10/19 18:00:20 INFO Executor: Running task 1.0 in stage 3.0 (TID 7)
19/10/19 18:00:20 INFO HadoopRDD: Input split: file:/home/sxs2267/project4/points-small.txt:18474+18474
19/10/19 18:00:20 INFO Executor: Finished task 0.0 in stage 3.0 (TID 6). 2254 bytes result sent to driver
19/10/19 18:00:20 INFO TaskSetManager: Finished task 0.0 in stage 3.0 (TID 6) in 27 ms on localhost (1/2)
19/10/19 18:00:20 INFO Executor: Finished task 1.0 in stage 3.0 (TID 7). 2254 bytes result sent to driver
19/10/19 18:00:20 INFO TaskSetManager: Finished task 1.0 in stage 3.0 (TID 7) in 30 ms on localhost (2/2)
19/10/19 18:00:20 INFO TaskSchedulerImpl: Removed TaskSet 3.0, whose tasks have all completed, from pool 
19/10/19 18:00:20 INFO DAGScheduler: ShuffleMapStage 3 (map at KMeans.scala:27) finished in 0.031 s
19/10/19 18:00:20 INFO DAGScheduler: looking for newly runnable stages
19/10/19 18:00:20 INFO DAGScheduler: running: Set()
19/10/19 18:00:20 INFO DAGScheduler: waiting: Set(ResultStage 4)
19/10/19 18:00:20 INFO DAGScheduler: failed: Set()
19/10/19 18:00:20 INFO DAGScheduler: Missing parents for ResultStage 4: List()
19/10/19 18:00:20 INFO DAGScheduler: Submitting ResultStage 4 (MapPartitionsRDD[11] at map at KMeans.scala:28), which is now runnable
19/10/19 18:00:20 INFO MemoryStore: ensureFreeSpace(5432) called with curMem=305011, maxMem=555755765
19/10/19 18:00:20 INFO MemoryStore: Block broadcast_8 stored as values in memory (estimated size 5.3 KB, free 529.7 MB)
19/10/19 18:00:20 INFO MemoryStore: ensureFreeSpace(2784) called with curMem=310443, maxMem=555755765
19/10/19 18:00:20 INFO MemoryStore: Block broadcast_8_piece0 stored as bytes in memory (estimated size 2.7 KB, free 529.7 MB)
19/10/19 18:00:20 INFO BlockManagerInfo: Added broadcast_8_piece0 in memory on localhost:36829 (size: 2.7 KB, free: 530.0 MB)
19/10/19 18:00:20 INFO SparkContext: Created broadcast 8 from broadcast at DAGScheduler.scala:861
19/10/19 18:00:20 INFO DAGScheduler: Submitting 2 missing tasks from ResultStage 4 (MapPartitionsRDD[11] at map at KMeans.scala:28)
19/10/19 18:00:20 INFO TaskSchedulerImpl: Adding task set 4.0 with 2 tasks
19/10/19 18:00:20 INFO TaskSetManager: Starting task 0.0 in stage 4.0 (TID 8, localhost, PROCESS_LOCAL, 1955 bytes)
19/10/19 18:00:20 INFO TaskSetManager: Starting task 1.0 in stage 4.0 (TID 9, localhost, PROCESS_LOCAL, 1955 bytes)
19/10/19 18:00:21 INFO Executor: Running task 0.0 in stage 4.0 (TID 8)
19/10/19 18:00:21 INFO Executor: Running task 1.0 in stage 4.0 (TID 9)
19/10/19 18:00:21 INFO ShuffleBlockFetcherIterator: Getting 2 non-empty blocks out of 2 blocks
19/10/19 18:00:21 INFO ShuffleBlockFetcherIterator: Started 0 remote fetches in 0 ms
19/10/19 18:00:21 INFO ShuffleBlockFetcherIterator: Getting 2 non-empty blocks out of 2 blocks
19/10/19 18:00:21 INFO ShuffleBlockFetcherIterator: Started 0 remote fetches in 0 ms
19/10/19 18:00:21 INFO Executor: Finished task 1.0 in stage 4.0 (TID 9). 2511 bytes result sent to driver
19/10/19 18:00:21 INFO TaskSetManager: Finished task 1.0 in stage 4.0 (TID 9) in 66 ms on localhost (1/2)
19/10/19 18:00:21 INFO Executor: Finished task 0.0 in stage 4.0 (TID 8). 2463 bytes result sent to driver
19/10/19 18:00:21 INFO TaskSetManager: Finished task 0.0 in stage 4.0 (TID 8) in 108 ms on localhost (2/2)
19/10/19 18:00:21 INFO TaskSchedulerImpl: Removed TaskSet 4.0, whose tasks have all completed, from pool 
19/10/19 18:00:21 INFO DAGScheduler: ResultStage 4 (collect at KMeans.scala:25) finished in 0.108 s
19/10/19 18:00:21 INFO DAGScheduler: Job 2 finished: collect at KMeans.scala:25, took 0.157753 s
19/10/19 18:00:21 INFO MemoryStore: ensureFreeSpace(4440) called with curMem=313227, maxMem=555755765
19/10/19 18:00:21 INFO MemoryStore: Block broadcast_9 stored as values in memory (estimated size 4.3 KB, free 529.7 MB)
19/10/19 18:00:21 INFO MemoryStore: ensureFreeSpace(1970) called with curMem=317667, maxMem=555755765
19/10/19 18:00:21 INFO MemoryStore: Block broadcast_9_piece0 stored as bytes in memory (estimated size 1970.0 B, free 529.7 MB)
19/10/19 18:00:21 INFO BlockManagerInfo: Added broadcast_9_piece0 in memory on localhost:36829 (size: 1970.0 B, free: 530.0 MB)
19/10/19 18:00:21 INFO SparkContext: Created broadcast 9 from broadcast at KMeans.scala:26
19/10/19 18:00:21 INFO SparkContext: Starting job: collect at KMeans.scala:25
19/10/19 18:00:21 INFO DAGScheduler: Registering RDD 12 (map at KMeans.scala:27)
19/10/19 18:00:21 INFO DAGScheduler: Got job 3 (collect at KMeans.scala:25) with 2 output partitions
19/10/19 18:00:21 INFO DAGScheduler: Final stage: ResultStage 6(collect at KMeans.scala:25)
19/10/19 18:00:21 INFO DAGScheduler: Parents of final stage: List(ShuffleMapStage 5)
19/10/19 18:00:21 INFO DAGScheduler: Missing parents: List(ShuffleMapStage 5)
19/10/19 18:00:21 INFO DAGScheduler: Submitting ShuffleMapStage 5 (MapPartitionsRDD[12] at map at KMeans.scala:27), which has no missing parents
19/10/19 18:00:21 INFO MemoryStore: ensureFreeSpace(4792) called with curMem=319637, maxMem=555755765
19/10/19 18:00:21 INFO MemoryStore: Block broadcast_10 stored as values in memory (estimated size 4.7 KB, free 529.7 MB)
19/10/19 18:00:21 INFO MemoryStore: ensureFreeSpace(2551) called with curMem=324429, maxMem=555755765
19/10/19 18:00:21 INFO MemoryStore: Block broadcast_10_piece0 stored as bytes in memory (estimated size 2.5 KB, free 529.7 MB)
19/10/19 18:00:21 INFO BlockManagerInfo: Added broadcast_10_piece0 in memory on localhost:36829 (size: 2.5 KB, free: 530.0 MB)
19/10/19 18:00:21 INFO SparkContext: Created broadcast 10 from broadcast at DAGScheduler.scala:861
19/10/19 18:00:21 INFO DAGScheduler: Submitting 2 missing tasks from ShuffleMapStage 5 (MapPartitionsRDD[12] at map at KMeans.scala:27)
19/10/19 18:00:21 INFO TaskSchedulerImpl: Adding task set 5.0 with 2 tasks
19/10/19 18:00:21 INFO TaskSetManager: Starting task 0.0 in stage 5.0 (TID 10, localhost, PROCESS_LOCAL, 2196 bytes)
19/10/19 18:00:21 INFO TaskSetManager: Starting task 1.0 in stage 5.0 (TID 11, localhost, PROCESS_LOCAL, 2196 bytes)
19/10/19 18:00:21 INFO Executor: Running task 1.0 in stage 5.0 (TID 11)
19/10/19 18:00:21 INFO Executor: Running task 0.0 in stage 5.0 (TID 10)
19/10/19 18:00:21 INFO HadoopRDD: Input split: file:/home/sxs2267/project4/points-small.txt:0+18474
19/10/19 18:00:21 INFO HadoopRDD: Input split: file:/home/sxs2267/project4/points-small.txt:18474+18474
19/10/19 18:00:21 INFO Executor: Finished task 0.0 in stage 5.0 (TID 10). 2254 bytes result sent to driver
19/10/19 18:00:21 INFO TaskSetManager: Finished task 0.0 in stage 5.0 (TID 10) in 14 ms on localhost (1/2)
19/10/19 18:00:21 INFO Executor: Finished task 1.0 in stage 5.0 (TID 11). 2254 bytes result sent to driver
19/10/19 18:00:21 INFO TaskSetManager: Finished task 1.0 in stage 5.0 (TID 11) in 29 ms on localhost (2/2)
19/10/19 18:00:21 INFO TaskSchedulerImpl: Removed TaskSet 5.0, whose tasks have all completed, from pool 
19/10/19 18:00:21 INFO DAGScheduler: ShuffleMapStage 5 (map at KMeans.scala:27) finished in 0.029 s
19/10/19 18:00:21 INFO DAGScheduler: looking for newly runnable stages
19/10/19 18:00:21 INFO DAGScheduler: running: Set()
19/10/19 18:00:21 INFO DAGScheduler: waiting: Set(ResultStage 6)
19/10/19 18:00:21 INFO DAGScheduler: failed: Set()
19/10/19 18:00:21 INFO DAGScheduler: Missing parents for ResultStage 6: List()
19/10/19 18:00:21 INFO DAGScheduler: Submitting ResultStage 6 (MapPartitionsRDD[14] at map at KMeans.scala:28), which is now runnable
19/10/19 18:00:21 INFO MemoryStore: ensureFreeSpace(5432) called with curMem=326980, maxMem=555755765
19/10/19 18:00:21 INFO MemoryStore: Block broadcast_11 stored as values in memory (estimated size 5.3 KB, free 529.7 MB)
19/10/19 18:00:21 INFO MemoryStore: ensureFreeSpace(2779) called with curMem=332412, maxMem=555755765
19/10/19 18:00:21 INFO MemoryStore: Block broadcast_11_piece0 stored as bytes in memory (estimated size 2.7 KB, free 529.7 MB)
19/10/19 18:00:21 INFO BlockManagerInfo: Added broadcast_11_piece0 in memory on localhost:36829 (size: 2.7 KB, free: 530.0 MB)
19/10/19 18:00:21 INFO SparkContext: Created broadcast 11 from broadcast at DAGScheduler.scala:861
19/10/19 18:00:21 INFO DAGScheduler: Submitting 2 missing tasks from ResultStage 6 (MapPartitionsRDD[14] at map at KMeans.scala:28)
19/10/19 18:00:21 INFO TaskSchedulerImpl: Adding task set 6.0 with 2 tasks
19/10/19 18:00:21 INFO TaskSetManager: Starting task 0.0 in stage 6.0 (TID 12, localhost, PROCESS_LOCAL, 1955 bytes)
19/10/19 18:00:21 INFO TaskSetManager: Starting task 1.0 in stage 6.0 (TID 13, localhost, PROCESS_LOCAL, 1955 bytes)
19/10/19 18:00:21 INFO Executor: Running task 0.0 in stage 6.0 (TID 12)
19/10/19 18:00:21 INFO Executor: Running task 1.0 in stage 6.0 (TID 13)
19/10/19 18:00:21 INFO ShuffleBlockFetcherIterator: Getting 2 non-empty blocks out of 2 blocks
19/10/19 18:00:21 INFO ShuffleBlockFetcherIterator: Started 0 remote fetches in 1 ms
19/10/19 18:00:21 INFO ShuffleBlockFetcherIterator: Getting 2 non-empty blocks out of 2 blocks
19/10/19 18:00:21 INFO ShuffleBlockFetcherIterator: Started 0 remote fetches in 0 ms
19/10/19 18:00:21 INFO Executor: Finished task 1.0 in stage 6.0 (TID 13). 2511 bytes result sent to driver
19/10/19 18:00:21 INFO TaskSetManager: Finished task 1.0 in stage 6.0 (TID 13) in 53 ms on localhost (1/2)
19/10/19 18:00:21 INFO Executor: Finished task 0.0 in stage 6.0 (TID 12). 2463 bytes result sent to driver
19/10/19 18:00:21 INFO TaskSetManager: Finished task 0.0 in stage 6.0 (TID 12) in 72 ms on localhost (2/2)
19/10/19 18:00:21 INFO TaskSchedulerImpl: Removed TaskSet 6.0, whose tasks have all completed, from pool 
19/10/19 18:00:21 INFO DAGScheduler: ResultStage 6 (collect at KMeans.scala:25) finished in 0.073 s
19/10/19 18:00:21 INFO DAGScheduler: Job 3 finished: collect at KMeans.scala:25, took 0.120647 s
19/10/19 18:00:21 INFO MemoryStore: ensureFreeSpace(4440) called with curMem=335191, maxMem=555755765
19/10/19 18:00:21 INFO MemoryStore: Block broadcast_12 stored as values in memory (estimated size 4.3 KB, free 529.7 MB)
19/10/19 18:00:21 INFO MemoryStore: ensureFreeSpace(1970) called with curMem=339631, maxMem=555755765
19/10/19 18:00:21 INFO MemoryStore: Block broadcast_12_piece0 stored as bytes in memory (estimated size 1970.0 B, free 529.7 MB)
19/10/19 18:00:21 INFO BlockManagerInfo: Added broadcast_12_piece0 in memory on localhost:36829 (size: 1970.0 B, free: 530.0 MB)
19/10/19 18:00:21 INFO SparkContext: Created broadcast 12 from broadcast at KMeans.scala:26
19/10/19 18:00:21 INFO SparkContext: Starting job: collect at KMeans.scala:25
19/10/19 18:00:21 INFO DAGScheduler: Registering RDD 15 (map at KMeans.scala:27)
19/10/19 18:00:21 INFO DAGScheduler: Got job 4 (collect at KMeans.scala:25) with 2 output partitions
19/10/19 18:00:21 INFO DAGScheduler: Final stage: ResultStage 8(collect at KMeans.scala:25)
19/10/19 18:00:21 INFO DAGScheduler: Parents of final stage: List(ShuffleMapStage 7)
19/10/19 18:00:21 INFO DAGScheduler: Missing parents: List(ShuffleMapStage 7)
19/10/19 18:00:21 INFO DAGScheduler: Submitting ShuffleMapStage 7 (MapPartitionsRDD[15] at map at KMeans.scala:27), which has no missing parents
19/10/19 18:00:21 INFO MemoryStore: ensureFreeSpace(4792) called with curMem=341601, maxMem=555755765
19/10/19 18:00:21 INFO MemoryStore: Block broadcast_13 stored as values in memory (estimated size 4.7 KB, free 529.7 MB)
19/10/19 18:00:21 INFO MemoryStore: ensureFreeSpace(2551) called with curMem=346393, maxMem=555755765
19/10/19 18:00:21 INFO MemoryStore: Block broadcast_13_piece0 stored as bytes in memory (estimated size 2.5 KB, free 529.7 MB)
19/10/19 18:00:21 INFO BlockManagerInfo: Added broadcast_13_piece0 in memory on localhost:36829 (size: 2.5 KB, free: 530.0 MB)
19/10/19 18:00:21 INFO SparkContext: Created broadcast 13 from broadcast at DAGScheduler.scala:861
19/10/19 18:00:21 INFO DAGScheduler: Submitting 2 missing tasks from ShuffleMapStage 7 (MapPartitionsRDD[15] at map at KMeans.scala:27)
19/10/19 18:00:21 INFO TaskSchedulerImpl: Adding task set 7.0 with 2 tasks
19/10/19 18:00:21 INFO TaskSetManager: Starting task 0.0 in stage 7.0 (TID 14, localhost, PROCESS_LOCAL, 2196 bytes)
19/10/19 18:00:21 INFO TaskSetManager: Starting task 1.0 in stage 7.0 (TID 15, localhost, PROCESS_LOCAL, 2196 bytes)
19/10/19 18:00:21 INFO Executor: Running task 0.0 in stage 7.0 (TID 14)
19/10/19 18:00:21 INFO Executor: Running task 1.0 in stage 7.0 (TID 15)
19/10/19 18:00:21 INFO HadoopRDD: Input split: file:/home/sxs2267/project4/points-small.txt:0+18474
19/10/19 18:00:21 INFO HadoopRDD: Input split: file:/home/sxs2267/project4/points-small.txt:18474+18474
19/10/19 18:00:21 INFO Executor: Finished task 0.0 in stage 7.0 (TID 14). 2254 bytes result sent to driver
19/10/19 18:00:21 INFO TaskSetManager: Finished task 0.0 in stage 7.0 (TID 14) in 28 ms on localhost (1/2)
19/10/19 18:00:21 INFO Executor: Finished task 1.0 in stage 7.0 (TID 15). 2254 bytes result sent to driver
19/10/19 18:00:21 INFO TaskSetManager: Finished task 1.0 in stage 7.0 (TID 15) in 32 ms on localhost (2/2)
19/10/19 18:00:21 INFO TaskSchedulerImpl: Removed TaskSet 7.0, whose tasks have all completed, from pool 
19/10/19 18:00:21 INFO DAGScheduler: ShuffleMapStage 7 (map at KMeans.scala:27) finished in 0.034 s
19/10/19 18:00:21 INFO DAGScheduler: looking for newly runnable stages
19/10/19 18:00:21 INFO DAGScheduler: running: Set()
19/10/19 18:00:21 INFO DAGScheduler: waiting: Set(ResultStage 8)
19/10/19 18:00:21 INFO DAGScheduler: failed: Set()
19/10/19 18:00:21 INFO DAGScheduler: Missing parents for ResultStage 8: List()
19/10/19 18:00:21 INFO DAGScheduler: Submitting ResultStage 8 (MapPartitionsRDD[17] at map at KMeans.scala:28), which is now runnable
19/10/19 18:00:21 INFO MemoryStore: ensureFreeSpace(5432) called with curMem=348944, maxMem=555755765
19/10/19 18:00:21 INFO MemoryStore: Block broadcast_14 stored as values in memory (estimated size 5.3 KB, free 529.7 MB)
19/10/19 18:00:21 INFO MemoryStore: ensureFreeSpace(2788) called with curMem=354376, maxMem=555755765
19/10/19 18:00:21 INFO MemoryStore: Block broadcast_14_piece0 stored as bytes in memory (estimated size 2.7 KB, free 529.7 MB)
19/10/19 18:00:21 INFO BlockManagerInfo: Added broadcast_14_piece0 in memory on localhost:36829 (size: 2.7 KB, free: 530.0 MB)
19/10/19 18:00:21 INFO SparkContext: Created broadcast 14 from broadcast at DAGScheduler.scala:861
19/10/19 18:00:21 INFO DAGScheduler: Submitting 2 missing tasks from ResultStage 8 (MapPartitionsRDD[17] at map at KMeans.scala:28)
19/10/19 18:00:21 INFO TaskSchedulerImpl: Adding task set 8.0 with 2 tasks
19/10/19 18:00:21 INFO TaskSetManager: Starting task 0.0 in stage 8.0 (TID 16, localhost, PROCESS_LOCAL, 1955 bytes)
19/10/19 18:00:21 INFO TaskSetManager: Starting task 1.0 in stage 8.0 (TID 17, localhost, PROCESS_LOCAL, 1955 bytes)
19/10/19 18:00:21 INFO Executor: Running task 1.0 in stage 8.0 (TID 17)
19/10/19 18:00:21 INFO ShuffleBlockFetcherIterator: Getting 2 non-empty blocks out of 2 blocks
19/10/19 18:00:21 INFO ShuffleBlockFetcherIterator: Started 0 remote fetches in 0 ms
19/10/19 18:00:21 INFO Executor: Running task 0.0 in stage 8.0 (TID 16)
19/10/19 18:00:21 INFO ShuffleBlockFetcherIterator: Getting 2 non-empty blocks out of 2 blocks
19/10/19 18:00:21 INFO ShuffleBlockFetcherIterator: Started 0 remote fetches in 0 ms
19/10/19 18:00:21 INFO Executor: Finished task 0.0 in stage 8.0 (TID 16). 2463 bytes result sent to driver
19/10/19 18:00:21 INFO Executor: Finished task 1.0 in stage 8.0 (TID 17). 2511 bytes result sent to driver
19/10/19 18:00:21 INFO TaskSetManager: Finished task 0.0 in stage 8.0 (TID 16) in 54 ms on localhost (1/2)
19/10/19 18:00:21 INFO TaskSetManager: Finished task 1.0 in stage 8.0 (TID 17) in 54 ms on localhost (2/2)
19/10/19 18:00:21 INFO TaskSchedulerImpl: Removed TaskSet 8.0, whose tasks have all completed, from pool 
19/10/19 18:00:21 INFO DAGScheduler: ResultStage 8 (collect at KMeans.scala:25) finished in 0.058 s
19/10/19 18:00:21 INFO DAGScheduler: Job 4 finished: collect at KMeans.scala:25, took 0.125873 s
19/10/19 18:00:21 INFO MemoryStore: ensureFreeSpace(4440) called with curMem=357164, maxMem=555755765
19/10/19 18:00:21 INFO MemoryStore: Block broadcast_15 stored as values in memory (estimated size 4.3 KB, free 529.7 MB)
19/10/19 18:00:21 INFO MemoryStore: ensureFreeSpace(1970) called with curMem=361604, maxMem=555755765
19/10/19 18:00:21 INFO MemoryStore: Block broadcast_15_piece0 stored as bytes in memory (estimated size 1970.0 B, free 529.7 MB)
19/10/19 18:00:21 INFO BlockManagerInfo: Added broadcast_15_piece0 in memory on localhost:36829 (size: 1970.0 B, free: 530.0 MB)
19/10/19 18:00:21 INFO SparkContext: Created broadcast 15 from broadcast at KMeans.scala:26
19/10/19 18:00:21 INFO SparkContext: Starting job: collect at KMeans.scala:41
19/10/19 18:00:21 INFO DAGScheduler: Registering RDD 18 (map at KMeans.scala:27)
19/10/19 18:00:21 INFO DAGScheduler: Got job 5 (collect at KMeans.scala:41) with 2 output partitions
19/10/19 18:00:21 INFO DAGScheduler: Final stage: ResultStage 10(collect at KMeans.scala:41)
19/10/19 18:00:21 INFO DAGScheduler: Parents of final stage: List(ShuffleMapStage 9)
19/10/19 18:00:21 INFO DAGScheduler: Missing parents: List(ShuffleMapStage 9)
19/10/19 18:00:21 INFO DAGScheduler: Submitting ShuffleMapStage 9 (MapPartitionsRDD[18] at map at KMeans.scala:27), which has no missing parents
19/10/19 18:00:21 INFO MemoryStore: ensureFreeSpace(4792) called with curMem=363574, maxMem=555755765
19/10/19 18:00:21 INFO MemoryStore: Block broadcast_16 stored as values in memory (estimated size 4.7 KB, free 529.7 MB)
19/10/19 18:00:21 INFO MemoryStore: ensureFreeSpace(2551) called with curMem=368366, maxMem=555755765
19/10/19 18:00:21 INFO MemoryStore: Block broadcast_16_piece0 stored as bytes in memory (estimated size 2.5 KB, free 529.7 MB)
19/10/19 18:00:21 INFO BlockManagerInfo: Added broadcast_16_piece0 in memory on localhost:36829 (size: 2.5 KB, free: 530.0 MB)
19/10/19 18:00:21 INFO SparkContext: Created broadcast 16 from broadcast at DAGScheduler.scala:861
19/10/19 18:00:21 INFO DAGScheduler: Submitting 2 missing tasks from ShuffleMapStage 9 (MapPartitionsRDD[18] at map at KMeans.scala:27)
19/10/19 18:00:21 INFO TaskSchedulerImpl: Adding task set 9.0 with 2 tasks
19/10/19 18:00:21 INFO TaskSetManager: Starting task 0.0 in stage 9.0 (TID 18, localhost, PROCESS_LOCAL, 2196 bytes)
19/10/19 18:00:21 INFO TaskSetManager: Starting task 1.0 in stage 9.0 (TID 19, localhost, PROCESS_LOCAL, 2196 bytes)
19/10/19 18:00:21 INFO Executor: Running task 1.0 in stage 9.0 (TID 19)
19/10/19 18:00:21 INFO HadoopRDD: Input split: file:/home/sxs2267/project4/points-small.txt:18474+18474
19/10/19 18:00:21 INFO Executor: Running task 0.0 in stage 9.0 (TID 18)
19/10/19 18:00:21 INFO Executor: Finished task 1.0 in stage 9.0 (TID 19). 2254 bytes result sent to driver
19/10/19 18:00:21 INFO TaskSetManager: Finished task 1.0 in stage 9.0 (TID 19) in 18 ms on localhost (1/2)
19/10/19 18:00:21 INFO HadoopRDD: Input split: file:/home/sxs2267/project4/points-small.txt:0+18474
19/10/19 18:00:21 INFO Executor: Finished task 0.0 in stage 9.0 (TID 18). 2254 bytes result sent to driver
19/10/19 18:00:21 INFO TaskSetManager: Finished task 0.0 in stage 9.0 (TID 18) in 52 ms on localhost (2/2)
19/10/19 18:00:21 INFO TaskSchedulerImpl: Removed TaskSet 9.0, whose tasks have all completed, from pool 
19/10/19 18:00:21 INFO DAGScheduler: ShuffleMapStage 9 (map at KMeans.scala:27) finished in 0.052 s
19/10/19 18:00:21 INFO DAGScheduler: looking for newly runnable stages
19/10/19 18:00:21 INFO DAGScheduler: running: Set()
19/10/19 18:00:21 INFO DAGScheduler: waiting: Set(ResultStage 10)
19/10/19 18:00:21 INFO DAGScheduler: failed: Set()
19/10/19 18:00:21 INFO DAGScheduler: Missing parents for ResultStage 10: List()
19/10/19 18:00:21 INFO DAGScheduler: Submitting ResultStage 10 (MapPartitionsRDD[20] at map at KMeans.scala:28), which is now runnable
19/10/19 18:00:21 INFO MemoryStore: ensureFreeSpace(5432) called with curMem=370917, maxMem=555755765
19/10/19 18:00:21 INFO MemoryStore: Block broadcast_17 stored as values in memory (estimated size 5.3 KB, free 529.7 MB)
19/10/19 18:00:21 INFO MemoryStore: ensureFreeSpace(2786) called with curMem=376349, maxMem=555755765
19/10/19 18:00:21 INFO MemoryStore: Block broadcast_17_piece0 stored as bytes in memory (estimated size 2.7 KB, free 529.6 MB)
19/10/19 18:00:21 INFO BlockManagerInfo: Added broadcast_17_piece0 in memory on localhost:36829 (size: 2.7 KB, free: 530.0 MB)
19/10/19 18:00:21 INFO SparkContext: Created broadcast 17 from broadcast at DAGScheduler.scala:861
19/10/19 18:00:21 INFO DAGScheduler: Submitting 2 missing tasks from ResultStage 10 (MapPartitionsRDD[20] at map at KMeans.scala:28)
19/10/19 18:00:21 INFO TaskSchedulerImpl: Adding task set 10.0 with 2 tasks
19/10/19 18:00:21 INFO TaskSetManager: Starting task 0.0 in stage 10.0 (TID 20, localhost, PROCESS_LOCAL, 1955 bytes)
19/10/19 18:00:21 INFO TaskSetManager: Starting task 1.0 in stage 10.0 (TID 21, localhost, PROCESS_LOCAL, 1955 bytes)
19/10/19 18:00:21 INFO Executor: Running task 1.0 in stage 10.0 (TID 21)
19/10/19 18:00:21 INFO ShuffleBlockFetcherIterator: Getting 2 non-empty blocks out of 2 blocks
19/10/19 18:00:21 INFO ShuffleBlockFetcherIterator: Started 0 remote fetches in 0 ms
19/10/19 18:00:21 INFO Executor: Finished task 1.0 in stage 10.0 (TID 21). 2511 bytes result sent to driver
19/10/19 18:00:21 INFO TaskSetManager: Finished task 1.0 in stage 10.0 (TID 21) in 13 ms on localhost (1/2)
19/10/19 18:00:21 INFO Executor: Running task 0.0 in stage 10.0 (TID 20)
19/10/19 18:00:21 INFO ShuffleBlockFetcherIterator: Getting 2 non-empty blocks out of 2 blocks
19/10/19 18:00:21 INFO ShuffleBlockFetcherIterator: Started 0 remote fetches in 0 ms
19/10/19 18:00:21 INFO Executor: Finished task 0.0 in stage 10.0 (TID 20). 2463 bytes result sent to driver
19/10/19 18:00:21 INFO TaskSetManager: Finished task 0.0 in stage 10.0 (TID 20) in 26 ms on localhost (2/2)
19/10/19 18:00:21 INFO TaskSchedulerImpl: Removed TaskSet 10.0, whose tasks have all completed, from pool 
19/10/19 18:00:21 INFO DAGScheduler: ResultStage 10 (collect at KMeans.scala:41) finished in 0.027 s
19/10/19 18:00:21 INFO DAGScheduler: Job 5 finished: collect at KMeans.scala:41, took 0.089501 s
(3.5084275246957817,17.573459125799864)
(3.535421927003258,19.433644293195005)
(3.421152606382378,15.705742038142157)
(5.3433803439785095,13.337906261662605)
(13.378916605824841,1.607969679895025)
(13.521023266009905,7.5157092910968935)
(3.4255552029818,5.552759549340505)
(19.403176106841798,3.568200773394429)
(17.41669914895143,19.409935497934253)
(9.434523363405205,1.5959424789373127)
(15.464502195088825,13.520984591123822)
(11.684650434663173,1.4456018723237867)
(11.415724345494002,11.202047135386776)
(9.526059947239563,15.51770141743311)
(17.394566167930165,11.524990545569418)
(3.6469725239874053,11.513939163347377)
(1.585706750208671,19.479182612762195)
(13.47999696751019,15.518416627788909)
(11.612257816266107,13.431677048838225)
(15.44189826243805,17.37978240407272)
(7.496623346068663,7.4962351600758526)
(15.418516840094476,15.473885495394038)
(15.553864342358487,5.332949834572114)
(3.614243664359365,9.533587864198719)
(1.5328427527943116,3.4350110994735537)
(3.5612855876355756,13.455447540293791)
(5.494007381973966,19.395287432453813)
(19.462432439585633,11.526593730283688)
(5.700703769230111,17.559182234719124)
(9.607193279857569,7.499760673946622)
(1.4214268238265082,13.65385991534782)
(11.471061934289873,7.533707718120387)
(11.66427773769761,3.5959075954620436)
(1.410986959543236,11.528621560445194)
(17.52337246960733,7.605315453109017)
(19.513234834865926,9.527773458458016)
(7.493602074182509,13.540005635233847)
(17.37605438986158,3.367358434625505)
(11.585852211801098,19.557488202153646)
(19.42417116919443,13.495366332950761)
(5.310176184940423,3.5856888398611564)
(13.418671430738755,17.355541407903296)
(13.645880564343168,9.550298361101952)
(9.541668964580522,19.490760340550395)
(15.557488944586686,11.36329988566569)
(15.449834657248928,19.48088104889714)
(9.559452530427794,13.542181968156077)
(1.6681393136801919,17.345128525400597)
(3.5295383078044393,1.4603864004807952)
(7.473465707728508,9.527236625702002)
(17.49620059389092,5.41346586392926)
(11.314612347510288,9.532555487511521)
(1.414506954463833,7.462231461178868)
(17.344366106689733,13.504042794103777)
(1.3713800405747953,1.3838420084482728)
(17.57297456772642,15.507148476870164)
(1.4605136897908426,15.551191828642892)
(5.466351573511209,15.38040370196049)
(7.471771200662084,19.510789472693276)
(7.514045239681713,1.4426580581677813)
(7.404644349482735,3.3238275829253645)
(9.561102812590052,17.418028545195025)
(11.565789152839638,15.492263851257922)
(15.48467564163502,9.471062807761296)
(17.419614783666,1.4763868763922958)
(19.465513634723155,7.4886107486020475)
(13.374220026619048,19.466601329712063)
(5.234603743426063,9.627355881912901)
(9.43533909421272,9.56278401861589)
(19.412900631239935,17.45382710254614)
(7.592245184448302,17.560004750042822)
(7.418536851027672,11.563000770908088)
(11.456249748288037,5.399921812381238)
(15.537119143192829,7.573048307342447)
(9.424771887917087,3.4510075799551623)
(13.657993710377946,3.4873492614180983)
(3.724210941409609,7.635447677839545)
(19.466892901603224,1.5583760512167482)
(11.517284536054932,17.460850336902567)
(5.575714848850136,11.47780590987567)
(5.6042672412582695,1.367822030896835)
(19.445673909844572,5.400851850201909)
(5.536713652503575,5.60409892089151)
(1.534350099101617,9.427621878096346)
(13.337475973934067,11.653972321069816)
(7.417149911519503,15.421833598207563)
(19.51442242964429,15.470311442896694)
(19.40923463297856,19.623347525250594)
(9.567911241308785,5.499567136045219)
(5.386919778686883,7.579927155353852)
(3.2932059910053813,3.6027514055595624)
(1.6170078456564476,5.406261095670564)
(17.449638052459488,17.570992561560235)
(13.472541366973687,5.588865024099275)
(13.520406174641,13.588340837724688)
(17.61150223845672,9.391536353654086)
(7.551997407764198,5.516385320890586)
(15.62891137577731,3.486125203470371)
(9.512609753970624,11.516494423827128)
(15.539260032097573,1.6402899134308284)
19/10/19 18:00:21 INFO SparkContext: Invoking stop() from shutdown hook
19/10/19 18:00:21 INFO SparkUI: Stopped Spark web UI at http://198.202.114.141:4040
19/10/19 18:00:21 INFO DAGScheduler: Stopping DAGScheduler
19/10/19 18:00:21 INFO MapOutputTrackerMasterEndpoint: MapOutputTrackerMasterEndpoint stopped!
19/10/19 18:00:21 INFO MemoryStore: MemoryStore cleared
19/10/19 18:00:21 INFO BlockManager: BlockManager stopped
19/10/19 18:00:21 INFO BlockManagerMaster: BlockManagerMaster stopped
19/10/19 18:00:21 INFO OutputCommitCoordinator$OutputCommitCoordinatorEndpoint: OutputCommitCoordinator stopped!
19/10/19 18:00:21 INFO SparkContext: Successfully stopped SparkContext
19/10/19 18:00:21 INFO ShutdownHookManager: Shutdown hook called
19/10/19 18:00:21 INFO ShutdownHookManager: Deleting directory /tmp/spark-25e5a20d-eb40-492c-a8f3-2618713a7a0f
